2025-10-18T12:23:24: INFO:     Started server process [1137780]
2025-10-18T12:23:24: INFO:     Waiting for application startup.
2025-10-18T12:23:24: INFO:     Application startup complete.
2025-10-18T12:23:24: INFO:     Uvicorn running on http://0.0.0.0:8000 (Press CTRL+C to quit)
2025-10-18T22:27:53: WARNING:  Invalid HTTP request received.
2025-10-19T03:30:57: WARNING:  Invalid HTTP request received.
2025-10-19T03:31:05: WARNING:  Invalid HTTP request received.
2025-10-19T03:44:55: INFO:     Shutting down
2025-10-19T03:44:56: INFO:     Waiting for application shutdown.
2025-10-19T03:44:56: INFO:     Application shutdown complete.
2025-10-19T03:44:56: INFO:     Finished server process [1137780]
2025-10-19T03:44:59: INFO:     Started server process [1263298]
2025-10-19T03:44:59: INFO:     Waiting for application startup.
2025-10-19T03:44:59: INFO:     Application startup complete.
2025-10-19T03:44:59: INFO:     Uvicorn running on http://0.0.0.0:8000 (Press CTRL+C to quit)
2025-10-19T03:46:25: INFO:     Shutting down
2025-10-19T03:46:25: INFO:     Waiting for application shutdown.
2025-10-19T03:46:25: INFO:     Application shutdown complete.
2025-10-19T03:46:25: INFO:     Finished server process [1263298]
2025-10-19T03:46:27: INFO:     Started server process [1263774]
2025-10-19T03:46:27: INFO:     Waiting for application startup.
2025-10-19T03:46:27: INFO:     Application startup complete.
2025-10-19T03:46:27: INFO:     Uvicorn running on http://0.0.0.0:8000 (Press CTRL+C to quit)
2025-10-19T09:42:41: WARNING:  Invalid HTTP request received.
2025-10-19T09:42:42: WARNING:  Invalid HTTP request received.
2025-10-19T11:19:01: WARNING:  Invalid HTTP request received.
2025-10-19T11:19:07: WARNING:  Invalid HTTP request received.
2025-10-19T12:32:28: WARNING:  Invalid HTTP request received.
2025-10-19T12:32:29: WARNING:  Invalid HTTP request received.
2025-10-19T12:43:50: INFO:     Shutting down
2025-10-19T12:43:50: INFO:     Waiting for application shutdown.
2025-10-19T12:43:50: INFO:     Application shutdown complete.
2025-10-19T12:43:50: INFO:     Finished server process [1263774]
2025-10-19T12:43:53: INFO:     Started server process [1306408]
2025-10-19T12:43:53: INFO:     Waiting for application startup.
2025-10-19T12:43:53: INFO:     Application startup complete.
2025-10-19T12:43:53: INFO:     Uvicorn running on http://0.0.0.0:8000 (Press CTRL+C to quit)
2025-10-19T12:45:34: INFO:     Shutting down
2025-10-19T12:45:34: INFO:     Waiting for application shutdown.
2025-10-19T12:45:34: INFO:     Application shutdown complete.
2025-10-19T12:45:34: INFO:     Finished server process [1306408]
2025-10-19T12:45:36: INFO:     Started server process [1307057]
2025-10-19T12:45:36: INFO:     Waiting for application startup.
2025-10-19T12:45:36: INFO:     Application startup complete.
2025-10-19T12:45:36: INFO:     Uvicorn running on http://0.0.0.0:8000 (Press CTRL+C to quit)
2025-10-19T12:48:09: INFO:     Shutting down
2025-10-19T12:48:09: INFO:     Waiting for application shutdown.
2025-10-19T12:48:09: INFO:     Application shutdown complete.
2025-10-19T12:48:09: INFO:     Finished server process [1307057]
2025-10-19T12:48:10: INFO:     Started server process [1307828]
2025-10-19T12:48:10: INFO:     Waiting for application startup.
2025-10-19T12:48:10: INFO:     Application startup complete.
2025-10-19T12:48:10: INFO:     Uvicorn running on http://0.0.0.0:8000 (Press CTRL+C to quit)
2025-10-19T13:01:30: INFO:     Started server process [1310273]
2025-10-19T13:01:30: INFO:     Waiting for application startup.
2025-10-19T13:01:30: INFO:     Application startup complete.
2025-10-19T13:01:30: INFO:     Uvicorn running on http://0.0.0.0:8000 (Press CTRL+C to quit)
2025-10-19T13:09:04: INFO:     Started server process [1311168]
2025-10-19T13:09:04: INFO:     Waiting for application startup.
2025-10-19T13:09:04: INFO:     Application startup complete.
2025-10-19T13:09:04: INFO:     Uvicorn running on http://0.0.0.0:8000 (Press CTRL+C to quit)
2025-10-19T13:23:10: INFO:     Started server process [1314982]
2025-10-19T13:23:10: INFO:     Waiting for application startup.
2025-10-19T13:23:10: INFO:     Application startup complete.
2025-10-19T13:23:10: INFO:     Uvicorn running on http://0.0.0.0:8000 (Press CTRL+C to quit)
2025-10-19T13:24:29: INFO:     Started server process [1315412]
2025-10-19T13:24:29: INFO:     Waiting for application startup.
2025-10-19T13:24:29: INFO:     Application startup complete.
2025-10-19T13:24:29: INFO:     Uvicorn running on http://0.0.0.0:8000 (Press CTRL+C to quit)
2025-10-19T13:24:36: INFO:     Started server process [1315523]
2025-10-19T13:24:36: INFO:     Waiting for application startup.
2025-10-19T13:24:36: INFO:     Application startup complete.
2025-10-19T13:24:36: INFO:     Uvicorn running on http://0.0.0.0:8000 (Press CTRL+C to quit)
2025-10-19T13:24:57: INFO:     Started server process [1315768]
2025-10-19T13:24:57: INFO:     Waiting for application startup.
2025-10-19T13:24:57: INFO:     Application startup complete.
2025-10-19T13:24:57: INFO:     Uvicorn running on http://0.0.0.0:8000 (Press CTRL+C to quit)
2025-10-19T13:25:03: INFO:     Started server process [1315885]
2025-10-19T13:25:03: INFO:     Waiting for application startup.
2025-10-19T13:25:03: INFO:     Application startup complete.
2025-10-19T13:25:03: INFO:     Uvicorn running on http://0.0.0.0:8000 (Press CTRL+C to quit)
2025-10-19T13:25:23: INFO:     Started server process [1316124]
2025-10-19T13:25:23: INFO:     Waiting for application startup.
2025-10-19T13:25:23: INFO:     Application startup complete.
2025-10-19T13:25:23: INFO:     Uvicorn running on http://0.0.0.0:8000 (Press CTRL+C to quit)
2025-10-19T13:25:41: INFO:     Started server process [1316280]
2025-10-19T13:25:41: INFO:     Waiting for application startup.
2025-10-19T13:25:41: INFO:     Application startup complete.
2025-10-19T13:25:41: INFO:     Uvicorn running on http://0.0.0.0:8000 (Press CTRL+C to quit)
2025-10-19T13:26:05: INFO:     Started server process [1316487]
2025-10-19T13:26:05: INFO:     Waiting for application startup.
2025-10-19T13:26:05: INFO:     Application startup complete.
2025-10-19T13:26:05: INFO:     Uvicorn running on http://0.0.0.0:8000 (Press CTRL+C to quit)
2025-10-19T13:26:22: INFO:     Started server process [1316642]
2025-10-19T13:26:22: INFO:     Waiting for application startup.
2025-10-19T13:26:22: INFO:     Application startup complete.
2025-10-19T13:26:22: INFO:     Uvicorn running on http://0.0.0.0:8000 (Press CTRL+C to quit)
2025-10-19T13:32:20: INFO:     Started server process [1317636]
2025-10-19T13:32:20: INFO:     Waiting for application startup.
2025-10-19T13:32:20: INFO:     Application startup complete.
2025-10-19T13:32:20: INFO:     Uvicorn running on http://0.0.0.0:8000 (Press CTRL+C to quit)
2025-10-19T13:42:15: INFO:     Shutting down
2025-10-19T13:42:15: INFO:     Waiting for application shutdown.
2025-10-19T13:42:15: INFO:     Application shutdown complete.
2025-10-19T13:42:15: INFO:     Finished server process [1317636]
2025-10-19T20:04:38: INFO:     Started server process [4872]
2025-10-19T20:04:38: INFO:     Waiting for application startup.
2025-10-19T20:04:38: INFO:     Application startup complete.
2025-10-19T20:04:38: INFO:     Uvicorn running on http://0.0.0.0:8000 (Press CTRL+C to quit)
2025-10-19T20:22:38: INFO:     Shutting down
2025-10-19T20:22:38: INFO:     Waiting for application shutdown.
2025-10-19T20:22:38: INFO:     Application shutdown complete.
2025-10-19T20:22:38: INFO:     Finished server process [4872]
2025-10-19T20:22:39: INFO:     Started server process [8481]
2025-10-19T20:22:39: INFO:     Waiting for application startup.
2025-10-19T20:22:39: INFO:     Application startup complete.
2025-10-19T20:22:39: INFO:     Uvicorn running on http://0.0.0.0:8000 (Press CTRL+C to quit)
