2025-10-19T15:48:33: INFO:     Started server process [1341269]
2025-10-19T15:48:33: INFO:     Waiting for application startup.
2025-10-19T15:48:33: INFO:     Application startup complete.
2025-10-19T15:48:33: INFO:     Uvicorn running on http://0.0.0.0:8000 (Press CTRL+C to quit)
2025-10-19T15:55:40: INFO:     Shutting down
2025-10-19T15:55:40: INFO:     Waiting for application shutdown.
2025-10-19T15:55:40: INFO:     Application shutdown complete.
2025-10-19T15:55:40: INFO:     Finished server process [1341269]
2025-10-19T15:55:41: INFO:     Started server process [1343595]
2025-10-19T15:55:41: INFO:     Waiting for application startup.
2025-10-19T15:55:41: INFO:     Application startup complete.
2025-10-19T15:55:41: INFO:     Uvicorn running on http://0.0.0.0:8000 (Press CTRL+C to quit)
2025-10-19T16:00:23: INFO:     169.150.198.75:49572 - "GET / HTTP/1.1" 404 Not Found
2025-10-19T16:00:23: WARNING:  Invalid HTTP request received.
2025-10-19T16:00:24: INFO:     169.150.198.75:49594 - "GET /favicon.ico HTTP/1.1" 404 Not Found
2025-10-19T16:00:36: INFO:     192.159.99.162:40018 - "GET / HTTP/1.1" 404 Not Found
2025-10-19T16:18:53: INFO:     Shutting down
2025-10-19T16:18:53: INFO:     Waiting for application shutdown.
2025-10-19T16:18:53: INFO:     Application shutdown complete.
2025-10-19T16:18:53: INFO:     Finished server process [1343595]
2025-10-19T16:18:55: INFO:     Started server process [1347466]
2025-10-19T16:18:55: INFO:     Waiting for application startup.
2025-10-19T16:18:55: INFO:     Application startup complete.
2025-10-19T16:18:55: INFO:     Uvicorn running on http://0.0.0.0:8000 (Press CTRL+C to quit)
2025-10-19T16:27:40: INFO:     Shutting down
2025-10-19T16:27:40: INFO:     Waiting for application shutdown.
2025-10-19T16:27:40: INFO:     Application shutdown complete.
2025-10-19T16:27:40: INFO:     Finished server process [1347466]
2025-10-19T16:27:42: INFO:     Started server process [1350932]
2025-10-19T16:27:42: INFO:     Waiting for application startup.
2025-10-19T16:27:42: INFO:     Application startup complete.
2025-10-19T16:27:42: INFO:     Uvicorn running on http://0.0.0.0:8000 (Press CTRL+C to quit)
2025-10-19T16:44:28: INFO:     Shutting down
2025-10-19T16:44:28: INFO:     Waiting for application shutdown.
2025-10-19T16:44:28: INFO:     Application shutdown complete.
2025-10-19T16:44:28: INFO:     Finished server process [1350932]
